# JRE version: Java(TM) SE Runtime Environment (8.0_73-b02) (build 1.8.0_73-b02)
# Java VM: Java HotSpot(TM) 64-Bit Server VM (25.73-b02 mixed mode bsd-amd64 compressed oops)
Heap:
 PSYoungGen      total 182272K, used 6953K [0x000000076ab00000, 0x000000077c700000, 0x00000007c0000000)
  eden space 176128K, 3% used [0x000000076ab00000,0x000000076b1ca478,0x0000000775700000)
  from space 6144K, 0% used [0x000000077c100000,0x000000077c100000,0x000000077c700000)
  to   space 21504K, 0% used [0x0000000779d00000,0x0000000779d00000,0x000000077b200000)
 ParOldGen       total 142848K, used 24799K [0x00000006c0000000, 0x00000006c8b80000, 0x000000076ab00000)
  object space 142848K, 17% used [0x00000006c0000000,0x00000006c1837cc8,0x00000006c8b80000)
 Metaspace       used 23338K, capacity 23958K, committed 25216K, reserved 1071104K
  class space    used 2808K, capacity 2972K, committed 3200K, reserved 1048576K
GC Heap History (10 events):
Event: 2.161 GC heap before
{Heap before GC invocations=4 (full 0):
 PSYoungGen      total 76288K, used 72750K [0x000000076ab00000, 0x0000000774000000, 0x00000007c0000000)
  eden space 65536K, 100% used [0x000000076ab00000,0x000000076eb00000,0x000000076eb00000)
  from space 10752K, 67% used [0x000000076eb00000,0x000000076f20bac8,0x000000076f580000)
  to   space 10752K, 0% used [0x0000000773580000,0x0000000773580000,0x0000000774000000)
 ParOldGen       total 175104K, used 24K [0x00000006c0000000, 0x00000006cab00000, 0x000000076ab00000)
  object space 175104K, 0% used [0x00000006c0000000,0x00000006c0006000,0x00000006cab00000)
 Metaspace       used 15498K, capacity 15798K, committed 16000K, reserved 1062912K
  class space    used 1826K, capacity 1919K, committed 1920K, reserved 1048576K
Event: 2.173 GC heap after
Heap after GC invocations=4 (full 0):
 PSYoungGen      total 141824K, used 10339K [0x000000076ab00000, 0x0000000774000000, 0x00000007c0000000)
  eden space 131072K, 0% used [0x000000076ab00000,0x000000076ab00000,0x0000000772b00000)
  from space 10752K, 96% used [0x0000000773580000,0x0000000773f98da8,0x0000000774000000)
  to   space 10752K, 0% used [0x0000000772b00000,0x0000000772b00000,0x0000000773580000)
 ParOldGen       total 175104K, used 40K [0x00000006c0000000, 0x00000006cab00000, 0x000000076ab00000)
  object space 175104K, 0% used [0x00000006c0000000,0x00000006c000a000,0x00000006cab00000)
 Metaspace       used 15498K, capacity 15798K, committed 16000K, reserved 1062912K
  class space    used 1826K, capacity 1919K, committed 1920K, reserved 1048576K
}
Event: 3.044 GC heap before
{Heap before GC invocations=5 (full 0):
 PSYoungGen      total 141824K, used 138334K [0x000000076ab00000, 0x0000000774000000, 0x00000007c0000000)
  eden space 131072K, 97% used [0x000000076ab00000,0x00000007727fee00,0x0000000772b00000)
  from space 10752K, 96% used [0x0000000773580000,0x0000000773f98da8,0x0000000774000000)
  to   space 10752K, 0% used [0x0000000772b00000,0x0000000772b00000,0x0000000773580000)
 ParOldGen       total 175104K, used 40K [0x00000006c0000000, 0x00000006cab00000, 0x000000076ab00000)
  object space 175104K, 0% used [0x00000006c0000000,0x00000006c000a000,0x00000006cab00000)
 Metaspace       used 20670K, capacity 21162K, committed 21296K, reserved 1069056K
  class space    used 2486K, capacity 2623K, committed 2688K, reserved 1048576K
Event: 3.083 GC heap after
Heap after GC invocations=5 (full 0):
 PSYoungGen      total 141824K, used 10747K [0x000000076ab00000, 0x000000077d700000, 0x00000007c0000000)
  eden space 131072K, 0% used [0x000000076ab00000,0x000000076ab00000,0x0000000772b00000)
  from space 10752K, 99% used [0x0000000772b00000,0x000000077357efd8,0x0000000773580000)
  to   space 22528K, 0% used [0x000000077c100000,0x000000077c100000,0x000000077d700000)
 ParOldGen       total 175104K, used 13843K [0x00000006c0000000, 0x00000006cab00000, 0x000000076ab00000)
  object space 175104K, 7% used [0x00000006c0000000,0x00000006c0d84c30,0x00000006cab00000)
 Metaspace       used 20670K, capacity 21162K, committed 21296K, reserved 1069056K
  class space    used 2486K, capacity 2623K, committed 2688K, reserved 1048576K
}
Event: 3.083 GC heap before
{Heap before GC invocations=6 (full 1):
 PSYoungGen      total 141824K, used 10747K [0x000000076ab00000, 0x000000077d700000, 0x00000007c0000000)
  eden space 131072K, 0% used [0x000000076ab00000,0x000000076ab00000,0x0000000772b00000)
  from space 10752K, 99% used [0x0000000772b00000,0x000000077357efd8,0x0000000773580000)
  to   space 22528K, 0% used [0x000000077c100000,0x000000077c100000,0x000000077d700000)
 ParOldGen       total 175104K, used 13843K [0x00000006c0000000, 0x00000006cab00000, 0x000000076ab00000)
  object space 175104K, 7% used [0x00000006c0000000,0x00000006c0d84c30,0x00000006cab00000)
 Metaspace       used 20670K, capacity 21162K, committed 21296K, reserved 1069056K
  class space    used 2486K, capacity 2623K, committed 2688K, reserved 1048576K
Event: 3.220 GC heap after
Heap after GC invocations=6 (full 1):
 PSYoungGen      total 141824K, used 0K [0x000000076ab00000, 0x000000077d700000, 0x00000007c0000000)
  eden space 131072K, 0% used [0x000000076ab00000,0x000000076ab00000,0x0000000772b00000)
  from space 10752K, 0% used [0x0000000772b00000,0x0000000772b00000,0x0000000773580000)
  to   space 22528K, 0% used [0x000000077c100000,0x000000077c100000,0x000000077d700000)
 ParOldGen       total 142848K, used 24291K [0x00000006c0000000, 0x00000006c8b80000, 0x000000076ab00000)
  object space 142848K, 17% used [0x00000006c0000000,0x00000006c17b8f88,0x00000006c8b80000)
 Metaspace       used 20670K, capacity 21162K, committed 21296K, reserved 1069056K
  class space    used 2486K, capacity 2623K, committed 2688K, reserved 1048576K
}
Event: 3.865 GC heap before
{Heap before GC invocations=7 (full 1):
 PSYoungGen      total 141824K, used 88317K [0x000000076ab00000, 0x000000077d700000, 0x00000007c0000000)
  eden space 131072K, 67% used [0x000000076ab00000,0x000000077013f570,0x0000000772b00000)
  from space 10752K, 0% used [0x0000000772b00000,0x0000000772b00000,0x0000000773580000)
  to   space 22528K, 0% used [0x000000077c100000,0x000000077c100000,0x000000077d700000)
 ParOldGen       total 142848K, used 24291K [0x00000006c0000000, 0x00000006c8b80000, 0x000000076ab00000)
  object space 142848K, 17% used [0x00000006c0000000,0x00000006c17b8f88,0x00000006c8b80000)
 Metaspace       used 24183K, capacity 24898K, committed 25216K, reserved 1071104K
  class space    used 2929K, capacity 3112K, committed 3200K, reserved 1048576K
Event: 3.872 GC heap after
Heap after GC invocations=7 (full 1):
 PSYoungGen      total 182272K, used 5650K [0x000000076ab00000, 0x000000077c700000, 0x00000007c0000000)
  eden space 176128K, 0% used [0x000000076ab00000,0x000000076ab00000,0x0000000775700000)
  from space 6144K, 91% used [0x000000077c100000,0x000000077c684a30,0x000000077c700000)
  to   space 21504K, 0% used [0x0000000779d00000,0x0000000779d00000,0x000000077b200000)
 ParOldGen       total 142848K, used 24299K [0x00000006c0000000, 0x00000006c8b80000, 0x000000076ab00000)
  object space 142848K, 17% used [0x00000006c0000000,0x00000006c17baf88,0x00000006c8b80000)
 Metaspace       used 24183K, capacity 24898K, committed 25216K, reserved 1071104K
  class space    used 2929K, capacity 3112K, committed 3200K, reserved 1048576K
}
Event: 3.872 GC heap before
{Heap before GC invocations=8 (full 2):
 PSYoungGen      total 182272K, used 5650K [0x000000076ab00000, 0x000000077c700000, 0x00000007c0000000)
  eden space 176128K, 0% used [0x000000076ab00000,0x000000076ab00000,0x0000000775700000)
  from space 6144K, 91% used [0x000000077c100000,0x000000077c684a30,0x000000077c700000)
  to   space 21504K, 0% used [0x0000000779d00000,0x0000000779d00000,0x000000077b200000)
 ParOldGen       total 142848K, used 24299K [0x00000006c0000000, 0x00000006c8b80000, 0x000000076ab00000)
  object space 142848K, 17% used [0x00000006c0000000,0x00000006c17baf88,0x00000006c8b80000)
 Metaspace       used 24183K, capacity 24898K, committed 25216K, reserved 1071104K
  class space    used 2929K, capacity 3112K, committed 3200K, reserved 1048576K
Event: 3.997 GC heap after
Heap after GC invocations=8 (full 2):
 PSYoungGen      total 182272K, used 0K [0x000000076ab00000, 0x000000077c700000, 0x00000007c0000000)
  eden space 176128K, 0% used [0x000000076ab00000,0x000000076ab00000,0x0000000775700000)
  from space 6144K, 0% used [0x000000077c100000,0x000000077c100000,0x000000077c700000)
  to   space 21504K, 0% used [0x0000000779d00000,0x0000000779d00000,0x000000077b200000)
 ParOldGen       total 142848K, used 24799K [0x00000006c0000000, 0x00000006c8b80000, 0x000000076ab00000)
  object space 142848K, 17% used [0x00000006c0000000,0x00000006c1837cc8,0x00000006c8b80000)
 Metaspace       used 23332K, capacity 23958K, committed 25216K, reserved 1071104K
  class space    used 2807K, capacity 2972K, committed 3200K, reserved 1048576K
}

