# JRE version: Java(TM) SE Runtime Environment (8.0_73-b02) (build 1.8.0_73-b02)
# Java VM: Java HotSpot(TM) 64-Bit Server VM (25.73-b02 mixed mode bsd-amd64 compressed oops)
Heap:
 PSYoungGen      total 245760K, used 5726K [0x000000076ab00000, 0x000000077b980000, 0x00000007c0000000)
  eden space 230400K, 2% used [0x000000076ab00000,0x000000076b097998,0x0000000778c00000)
  from space 15360K, 0% used [0x000000077a200000,0x000000077a200000,0x000000077b100000)
  to   space 8704K, 0% used [0x000000077b100000,0x000000077b100000,0x000000077b980000)
 ParOldGen       total 99328K, used 31805K [0x00000006c0000000, 0x00000006c6100000, 0x000000076ab00000)
  object space 99328K, 32% used [0x00000006c0000000,0x00000006c1f0f740,0x00000006c6100000)
 Metaspace       used 28801K, capacity 29588K, committed 30976K, reserved 1077248K
  class space    used 3348K, capacity 3585K, committed 3840K, reserved 1048576K
GC Heap History (10 events):
Event: 4.197 GC heap before
{Heap before GC invocations=7 (full 0):
 PSYoungGen      total 145920K, used 28728K [0x000000076ab00000, 0x0000000775000000, 0x00000007c0000000)
  eden space 129024K, 11% used [0x000000076ab00000,0x000000076b9156d0,0x0000000772900000)
  from space 16896K, 84% used [0x0000000773b80000,0x0000000774978948,0x0000000774c00000)
  to   space 18944K, 0% used [0x0000000772900000,0x0000000772900000,0x0000000773b80000)
 ParOldGen       total 175104K, used 5660K [0x00000006c0000000, 0x00000006cab00000, 0x000000076ab00000)
  object space 175104K, 3% used [0x00000006c0000000,0x00000006c0587090,0x00000006cab00000)
 Metaspace       used 20726K, capacity 21184K, committed 21248K, reserved 1069056K
  class space    used 2376K, capacity 2532K, committed 2560K, reserved 1048576K
Event: 4.211 GC heap after
Heap after GC invocations=7 (full 0):
 PSYoungGen      total 147968K, used 11930K [0x000000076ab00000, 0x000000077cb00000, 0x00000007c0000000)
  eden space 129024K, 0% used [0x000000076ab00000,0x000000076ab00000,0x0000000772900000)
  from space 18944K, 62% used [0x0000000772900000,0x00000007734a6970,0x0000000773b80000)
  to   space 18432K, 0% used [0x000000077b900000,0x000000077b900000,0x000000077cb00000)
 ParOldGen       total 175104K, used 7604K [0x00000006c0000000, 0x00000006cab00000, 0x000000076ab00000)
  object space 175104K, 4% used [0x00000006c0000000,0x00000006c076d0e0,0x00000006cab00000)
 Metaspace       used 20726K, capacity 21184K, committed 21248K, reserved 1069056K
  class space    used 2376K, capacity 2532K, committed 2560K, reserved 1048576K
}
Event: 4.211 GC heap before
{Heap before GC invocations=8 (full 1):
 PSYoungGen      total 147968K, used 11930K [0x000000076ab00000, 0x000000077cb00000, 0x00000007c0000000)
  eden space 129024K, 0% used [0x000000076ab00000,0x000000076ab00000,0x0000000772900000)
  from space 18944K, 62% used [0x0000000772900000,0x00000007734a6970,0x0000000773b80000)
  to   space 18432K, 0% used [0x000000077b900000,0x000000077b900000,0x000000077cb00000)
 ParOldGen       total 175104K, used 7604K [0x00000006c0000000, 0x00000006cab00000, 0x000000076ab00000)
  object space 175104K, 4% used [0x00000006c0000000,0x00000006c076d0e0,0x00000006cab00000)
 Metaspace       used 20726K, capacity 21184K, committed 21248K, reserved 1069056K
  class space    used 2376K, capacity 2532K, committed 2560K, reserved 1048576K
Event: 4.275 GC heap after
Heap after GC invocations=8 (full 1):
 PSYoungGen      total 147968K, used 0K [0x000000076ab00000, 0x000000077cb00000, 0x00000007c0000000)
  eden space 129024K, 0% used [0x000000076ab00000,0x000000076ab00000,0x0000000772900000)
  from space 18944K, 0% used [0x0000000772900000,0x0000000772900000,0x0000000773b80000)
  to   space 18432K, 0% used [0x000000077b900000,0x000000077b900000,0x000000077cb00000)
 ParOldGen       total 99328K, used 17668K [0x00000006c0000000, 0x00000006c6100000, 0x000000076ab00000)
  object space 99328K, 17% used [0x00000006c0000000,0x00000006c1141188,0x00000006c6100000)
 Metaspace       used 20726K, capacity 21184K, committed 21248K, reserved 1069056K
  class space    used 2376K, capacity 2532K, committed 2560K, reserved 1048576K
}
Event: 5.065 GC heap before
{Heap before GC invocations=9 (full 1):
 PSYoungGen      total 147968K, used 129024K [0x000000076ab00000, 0x000000077cb00000, 0x00000007c0000000)
  eden space 129024K, 100% used [0x000000076ab00000,0x0000000772900000,0x0000000772900000)
  from space 18944K, 0% used [0x0000000772900000,0x0000000772900000,0x0000000773b80000)
  to   space 18432K, 0% used [0x000000077b900000,0x000000077b900000,0x000000077cb00000)
 ParOldGen       total 99328K, used 17668K [0x00000006c0000000, 0x00000006c6100000, 0x000000076ab00000)
  object space 99328K, 17% used [0x00000006c0000000,0x00000006c1141188,0x00000006c6100000)
 Metaspace       used 26709K, capacity 27354K, committed 27520K, reserved 1073152K
  class space    used 3117K, capacity 3329K, committed 3456K, reserved 1048576K
Event: 5.078 GC heap after
Heap after GC invocations=9 (full 1):
 PSYoungGen      total 246784K, used 15879K [0x000000076ab00000, 0x000000077c900000, 0x00000007c0000000)
  eden space 230400K, 0% used [0x000000076ab00000,0x000000076ab00000,0x0000000778c00000)
  from space 16384K, 96% used [0x000000077b900000,0x000000077c881c28,0x000000077c900000)
  to   space 19968K, 0% used [0x000000077a200000,0x000000077a200000,0x000000077b580000)
 ParOldGen       total 99328K, used 17676K [0x00000006c0000000, 0x00000006c6100000, 0x000000076ab00000)
  object space 99328K, 17% used [0x00000006c0000000,0x00000006c1143188,0x00000006c6100000)
 Metaspace       used 26709K, capacity 27354K, committed 27520K, reserved 1073152K
  class space    used 3117K, capacity 3329K, committed 3456K, reserved 1048576K
}
Event: 5.926 GC heap before
{Heap before GC invocations=10 (full 1):
 PSYoungGen      total 246784K, used 120828K [0x000000076ab00000, 0x000000077c900000, 0x00000007c0000000)
  eden space 230400K, 45% used [0x000000076ab00000,0x000000077117d730,0x0000000778c00000)
  from space 16384K, 96% used [0x000000077b900000,0x000000077c881c28,0x000000077c900000)
  to   space 19968K, 0% used [0x000000077a200000,0x000000077a200000,0x000000077b580000)
 ParOldGen       total 99328K, used 17676K [0x00000006c0000000, 0x00000006c6100000, 0x000000076ab00000)
  object space 99328K, 17% used [0x00000006c0000000,0x00000006c1143188,0x00000006c6100000)
 Metaspace       used 29912K, capacity 30816K, committed 30976K, reserved 1077248K
  class space    used 3493K, capacity 3757K, committed 3840K, reserved 1048576K
Event: 5.941 GC heap after
Heap after GC invocations=10 (full 1):
 PSYoungGen      total 245760K, used 15247K [0x000000076ab00000, 0x000000077b980000, 0x00000007c0000000)
  eden space 230400K, 0% used [0x000000076ab00000,0x000000076ab00000,0x0000000778c00000)
  from space 15360K, 99% used [0x000000077a200000,0x000000077b0e3fa8,0x000000077b100000)
  to   space 8704K, 0% used [0x000000077b100000,0x000000077b100000,0x000000077b980000)
 ParOldGen       total 99328K, used 17684K [0x00000006c0000000, 0x00000006c6100000, 0x000000076ab00000)
  object space 99328K, 17% used [0x00000006c0000000,0x00000006c1145188,0x00000006c6100000)
 Metaspace       used 29912K, capacity 30816K, committed 30976K, reserved 1077248K
  class space    used 3493K, capacity 3757K, committed 3840K, reserved 1048576K
}
Event: 5.941 GC heap before
{Heap before GC invocations=11 (full 2):
 PSYoungGen      total 245760K, used 15247K [0x000000076ab00000, 0x000000077b980000, 0x00000007c0000000)
  eden space 230400K, 0% used [0x000000076ab00000,0x000000076ab00000,0x0000000778c00000)
  from space 15360K, 99% used [0x000000077a200000,0x000000077b0e3fa8,0x000000077b100000)
  to   space 8704K, 0% used [0x000000077b100000,0x000000077b100000,0x000000077b980000)
 ParOldGen       total 99328K, used 17684K [0x00000006c0000000, 0x00000006c6100000, 0x000000076ab00000)
  object space 99328K, 17% used [0x00000006c0000000,0x00000006c1145188,0x00000006c6100000)
 Metaspace       used 29912K, capacity 30816K, committed 30976K, reserved 1077248K
  class space    used 3493K, capacity 3757K, committed 3840K, reserved 1048576K
Event: 6.143 GC heap after
Heap after GC invocations=11 (full 2):
 PSYoungGen      total 245760K, used 0K [0x000000076ab00000, 0x000000077b980000, 0x00000007c0000000)
  eden space 230400K, 0% used [0x000000076ab00000,0x000000076ab00000,0x0000000778c00000)
  from space 15360K, 0% used [0x000000077a200000,0x000000077a200000,0x000000077b100000)
  to   space 8704K, 0% used [0x000000077b100000,0x000000077b100000,0x000000077b980000)
 ParOldGen       total 99328K, used 31805K [0x00000006c0000000, 0x00000006c6100000, 0x000000076ab00000)
  object space 99328K, 32% used [0x00000006c0000000,0x00000006c1f0f740,0x00000006c6100000)
 Metaspace       used 28794K, capacity 29588K, committed 30976K, reserved 1077248K
  class space    used 3347K, capacity 3585K, committed 3840K, reserved 1048576K
}

