# JRE version: Java(TM) SE Runtime Environment (8.0_73-b02) (build 1.8.0_73-b02)
# Java VM: Java HotSpot(TM) 64-Bit Server VM (25.73-b02 mixed mode bsd-amd64 compressed oops)
Heap:
 PSYoungGen      total 281088K, used 7785K [0x000000076ab00000, 0x0000000784f80000, 0x00000007c0000000)
  eden space 262144K, 2% used [0x000000076ab00000,0x000000076b29a588,0x000000077ab00000)
  from space 18944K, 0% used [0x000000077ab00000,0x000000077ab00000,0x000000077bd80000)
  to   space 24064K, 0% used [0x0000000783800000,0x0000000783800000,0x0000000784f80000)
 ParOldGen       total 125952K, used 34868K [0x00000006c0000000, 0x00000006c7b00000, 0x000000076ab00000)
  object space 125952K, 27% used [0x00000006c0000000,0x00000006c220d320,0x00000006c7b00000)
 Metaspace       used 25546K, capacity 26360K, committed 27696K, reserved 1073152K
  class space    used 2990K, capacity 3153K, committed 3376K, reserved 1048576K
GC Heap History (10 events):
Event: 2.882 GC heap before
{Heap before GC invocations=5 (full 0):
 PSYoungGen      total 141824K, used 141808K [0x000000076ab00000, 0x0000000774000000, 0x00000007c0000000)
  eden space 131072K, 100% used [0x000000076ab00000,0x0000000772b00000,0x0000000772b00000)
  from space 10752K, 99% used [0x0000000773580000,0x0000000773ffc030,0x0000000774000000)
  to   space 10752K, 0% used [0x0000000772b00000,0x0000000772b00000,0x0000000773580000)
 ParOldGen       total 175104K, used 1262K [0x00000006c0000000, 0x00000006cab00000, 0x000000076ab00000)
  object space 175104K, 0% used [0x00000006c0000000,0x00000006c013b910,0x00000006cab00000)
 Metaspace       used 18402K, capacity 18828K, committed 18944K, reserved 1067008K
  class space    used 2139K, capacity 2244K, committed 2304K, reserved 1048576K
Event: 2.898 GC heap after
Heap after GC invocations=5 (full 0):
 PSYoungGen      total 141824K, used 10720K [0x000000076ab00000, 0x000000077d100000, 0x00000007c0000000)
  eden space 131072K, 0% used [0x000000076ab00000,0x000000076ab00000,0x0000000772b00000)
  from space 10752K, 99% used [0x0000000772b00000,0x0000000773578020,0x0000000773580000)
  to   space 19456K, 0% used [0x000000077be00000,0x000000077be00000,0x000000077d100000)
 ParOldGen       total 175104K, used 9300K [0x00000006c0000000, 0x00000006cab00000, 0x000000076ab00000)
  object space 175104K, 5% used [0x00000006c0000000,0x00000006c09152b0,0x00000006cab00000)
 Metaspace       used 18402K, capacity 18828K, committed 18944K, reserved 1067008K
  class space    used 2139K, capacity 2244K, committed 2304K, reserved 1048576K
}
Event: 3.108 GC heap before
{Heap before GC invocations=6 (full 0):
 PSYoungGen      total 141824K, used 44932K [0x000000076ab00000, 0x000000077d100000, 0x00000007c0000000)
  eden space 131072K, 26% used [0x000000076ab00000,0x000000076cc693b0,0x0000000772b00000)
  from space 10752K, 99% used [0x0000000772b00000,0x0000000773578020,0x0000000773580000)
  to   space 19456K, 0% used [0x000000077be00000,0x000000077be00000,0x000000077d100000)
 ParOldGen       total 175104K, used 9300K [0x00000006c0000000, 0x00000006cab00000, 0x000000076ab00000)
  object space 175104K, 5% used [0x00000006c0000000,0x00000006c09152b0,0x00000006cab00000)
 Metaspace       used 20758K, capacity 21196K, committed 21296K, reserved 1069056K
  class space    used 2461K, capacity 2564K, committed 2608K, reserved 1048576K
Event: 3.122 GC heap after
Heap after GC invocations=6 (full 0):
 PSYoungGen      total 280576K, used 11722K [0x000000076ab00000, 0x000000077d000000, 0x00000007c0000000)
  eden space 262144K, 0% used [0x000000076ab00000,0x000000076ab00000,0x000000077ab00000)
  from space 18432K, 63% used [0x000000077be00000,0x000000077c972a18,0x000000077d000000)
  to   space 18944K, 0% used [0x000000077ab00000,0x000000077ab00000,0x000000077bd80000)
 ParOldGen       total 175104K, used 9308K [0x00000006c0000000, 0x00000006cab00000, 0x000000076ab00000)
  object space 175104K, 5% used [0x00000006c0000000,0x00000006c09172b0,0x00000006cab00000)
 Metaspace       used 20758K, capacity 21196K, committed 21296K, reserved 1069056K
  class space    used 2461K, capacity 2564K, committed 2608K, reserved 1048576K
}
Event: 3.122 GC heap before
{Heap before GC invocations=7 (full 1):
 PSYoungGen      total 280576K, used 11722K [0x000000076ab00000, 0x000000077d000000, 0x00000007c0000000)
  eden space 262144K, 0% used [0x000000076ab00000,0x000000076ab00000,0x000000077ab00000)
  from space 18432K, 63% used [0x000000077be00000,0x000000077c972a18,0x000000077d000000)
  to   space 18944K, 0% used [0x000000077ab00000,0x000000077ab00000,0x000000077bd80000)
 ParOldGen       total 175104K, used 9308K [0x00000006c0000000, 0x00000006cab00000, 0x000000076ab00000)
  object space 175104K, 5% used [0x00000006c0000000,0x00000006c09172b0,0x00000006cab00000)
 Metaspace       used 20758K, capacity 21196K, committed 21296K, reserved 1069056K
  class space    used 2461K, capacity 2564K, committed 2608K, reserved 1048576K
Event: 3.219 GC heap after
Heap after GC invocations=7 (full 1):
 PSYoungGen      total 280576K, used 0K [0x000000076ab00000, 0x000000077d000000, 0x00000007c0000000)
  eden space 262144K, 0% used [0x000000076ab00000,0x000000076ab00000,0x000000077ab00000)
  from space 18432K, 0% used [0x000000077be00000,0x000000077be00000,0x000000077d000000)
  to   space 18944K, 0% used [0x000000077ab00000,0x000000077ab00000,0x000000077bd80000)
 ParOldGen       total 125952K, used 18293K [0x00000006c0000000, 0x00000006c7b00000, 0x000000076ab00000)
  object space 125952K, 14% used [0x00000006c0000000,0x00000006c11dd550,0x00000006c7b00000)
 Metaspace       used 20758K, capacity 21196K, committed 21296K, reserved 1069056K
  class space    used 2461K, capacity 2564K, committed 2608K, reserved 1048576K
}
Event: 4.551 GC heap before
{Heap before GC invocations=8 (full 1):
 PSYoungGen      total 280576K, used 188380K [0x000000076ab00000, 0x000000077d000000, 0x00000007c0000000)
  eden space 262144K, 71% used [0x000000076ab00000,0x00000007762f70f0,0x000000077ab00000)
  from space 18432K, 0% used [0x000000077be00000,0x000000077be00000,0x000000077d000000)
  to   space 18944K, 0% used [0x000000077ab00000,0x000000077ab00000,0x000000077bd80000)
 ParOldGen       total 125952K, used 18293K [0x00000006c0000000, 0x00000006c7b00000, 0x000000076ab00000)
  object space 125952K, 14% used [0x00000006c0000000,0x00000006c11dd550,0x00000006c7b00000)
 Metaspace       used 26656K, capacity 27516K, committed 27696K, reserved 1073152K
  class space    used 3135K, capacity 3325K, committed 3376K, reserved 1048576K
Event: 4.570 GC heap after
Heap after GC invocations=8 (full 1):
 PSYoungGen      total 281088K, used 18914K [0x000000076ab00000, 0x0000000784f80000, 0x00000007c0000000)
  eden space 262144K, 0% used [0x000000076ab00000,0x000000076ab00000,0x000000077ab00000)
  from space 18944K, 99% used [0x000000077ab00000,0x000000077bd78938,0x000000077bd80000)
  to   space 24064K, 0% used [0x0000000783800000,0x0000000783800000,0x0000000784f80000)
 ParOldGen       total 125952K, used 21418K [0x00000006c0000000, 0x00000006c7b00000, 0x000000076ab00000)
  object space 125952K, 17% used [0x00000006c0000000,0x00000006c14eaa60,0x00000006c7b00000)
 Metaspace       used 26656K, capacity 27516K, committed 27696K, reserved 1073152K
  class space    used 3135K, capacity 3325K, committed 3376K, reserved 1048576K
}
Event: 4.570 GC heap before
{Heap before GC invocations=9 (full 2):
 PSYoungGen      total 281088K, used 18914K [0x000000076ab00000, 0x0000000784f80000, 0x00000007c0000000)
  eden space 262144K, 0% used [0x000000076ab00000,0x000000076ab00000,0x000000077ab00000)
  from space 18944K, 99% used [0x000000077ab00000,0x000000077bd78938,0x000000077bd80000)
  to   space 24064K, 0% used [0x0000000783800000,0x0000000783800000,0x0000000784f80000)
 ParOldGen       total 125952K, used 21418K [0x00000006c0000000, 0x00000006c7b00000, 0x000000076ab00000)
  object space 125952K, 17% used [0x00000006c0000000,0x00000006c14eaa60,0x00000006c7b00000)
 Metaspace       used 26656K, capacity 27516K, committed 27696K, reserved 1073152K
  class space    used 3135K, capacity 3325K, committed 3376K, reserved 1048576K
Event: 4.735 GC heap after
Heap after GC invocations=9 (full 2):
 PSYoungGen      total 281088K, used 0K [0x000000076ab00000, 0x0000000784f80000, 0x00000007c0000000)
  eden space 262144K, 0% used [0x000000076ab00000,0x000000076ab00000,0x000000077ab00000)
  from space 18944K, 0% used [0x000000077ab00000,0x000000077ab00000,0x000000077bd80000)
  to   space 24064K, 0% used [0x0000000783800000,0x0000000783800000,0x0000000784f80000)
 ParOldGen       total 125952K, used 34868K [0x00000006c0000000, 0x00000006c7b00000, 0x000000076ab00000)
  object space 125952K, 27% used [0x00000006c0000000,0x00000006c220d320,0x00000006c7b00000)
 Metaspace       used 25538K, capacity 26296K, committed 27696K, reserved 1073152K
  class space    used 2989K, capacity 3153K, committed 3376K, reserved 1048576K
}

